<?xml version="1.0" encoding="UTF-8"?>
<!-- Generated by org.testng.reporters.JUnitReportReporter -->
<testsuite hostname="syed-VAIO" name="Academy.NavigationBar" tests="1" failures="0" timestamp="6 Nov 2017 15:43:54 GMT" time="0.157" errors="0">
  <testcase name="validateNvBar" time="0.157" classname="Academy.NavigationBar"/>
</testsuite> <!-- Academy.NavigationBar -->
