<?xml version="1.0" encoding="UTF-8"?>
<!-- Generated by org.testng.reporters.JUnitReportReporter -->
<testsuite hostname="syed-VAIO" name="Academy.NavigationBar" tests="1" failures="0" timestamp="2 Dec 2017 14:28:36 GMT" time="0.392" errors="0">
  <testcase name="validateNvBar" time="0.392" classname="Academy.NavigationBar"/>
</testsuite> <!-- Academy.NavigationBar -->
