<?xml version="1.0" encoding="UTF-8"?>
<!-- Generated by org.testng.reporters.JUnitReportReporter -->
<testsuite hostname="syed-VAIO" name="Academy.Homepage" tests="3" failures="0" timestamp="2 Dec 2017 00:54:32 GMT" time="66.987" errors="0">
  <testcase name="HomepageNavg" time="18.499" classname="Academy.Homepage"/>
  <testcase name="HomepageNavg" time="29.879" classname="Academy.Homepage"/>
  <testcase name="HomepageNavg" time="18.609" classname="Academy.Homepage"/>
</testsuite> <!-- Academy.Homepage -->
